(---------------------------------------------------------------------)
(                                                                     )
(    DRC Update                                                       )
(                                                                     )
(    Drawing          : PROIECT1_ENACHEVICTOR.brd                     )
(    Software Version : 24.1S001                                      )
(    Date/Time        : Sat Dec  7 15:37:47 2024                      )
(                                                                     )
(---------------------------------------------------------------------)


 ========= check shapes                       0:00:00
 ========= check standalone pins              0:00:00
 ========= check symbols (pins,lines,text)    0:00:00
 ========= check xnets                        0:00:00
 ========= check nets                         0:00:00
 ========= check standalone branches          0:00:00
 ========= check standalone filled rectangles 0:00:00
 ========= check standalone lines             0:00:00
 ========= check standalone text              0:00:00
 ========= check standalone rectangles        0:00:00

 ..... Total number of DRC errors  0

 ..... DRC update completed, total CPU time   0:00:00
 *************************************************************************

