(---------------------------------------------------------------------)
(                                                                     )
(    ARTWORK LOG                                                      )
(                                                                     )
(    Drawing          : PROIECT1_ENACHEVICTOR.brd                     )
(    Software Version : 24.1S001                                      )
(    Date/Time        : Sat Dec  7 16:34:57 2024                      )
(                                                                     )
(---------------------------------------------------------------------)


 ---- Photoplot outline rectangle not found; using drawing extents.



Results from parameter file ...
    DEVICE-TYPE           GERBER_RS274X
    OUTPUT-UNITS          INCHES
    FILM-SIZE             2400000 1600000
    FORMAT                2.5
    ABORT-ON-ERROR        NO
    SCALE                 1
    SUPPRESS-LEAD-ZEROES  YES
    SUPPRESS-TRAIL-ZEROES NO
    SUPPRESS-EQUAL        YES
    UNDEF-APT-CONT        NO



================================================================
     PROCESSING FILM < TOP >
     TO FILE < D:/P1_Victor/Enache_Victor/Schematics/Proiect/allegro/TOP.art > ...
================================================================

  FILM PARAMETERS :
  ---------------------------------------------------------
  Undefined line width                0.10 MIL
  Mirror code                         NONE
  Rotate angle                        NONE
  Offset x:                           0.00
  Offset y:                           0.00
  Plot negative                       NO
  Suppress unconnected internal pads  NO
  Draw holes only                     NO



  APERTURES USED (UNIT = IN):
  ---------------------------------------------------------
  TYPE       SIZE/NAME                   ROT   MIRROR MODE 
  ---------------------------------------------------------
  CIRCLE     0.01300                                  DARK 
  CIRCLE     0.01600                                  DARK 
  CIRCLE     0.02000                                  DARK 
  CIRCLE     0.02600                                  DARK 
  CIRCLE     0.03400                                  DARK 
  CIRCLE     0.04000                                  DARK 
  SQUARE     0.05512                     0.000 NO     DARK 
  RECTANGLE  0.03000     x 0.04200       0.000 NO     DARK 
  RECTANGLE  0.03000     x 0.04200      90.000 NO     DARK 
  RECTANGLE  0.04200     x 0.11400      90.000 NO     DARK 
  RECTANGLE  0.04500     x 0.06500       0.000 NO     DARK 
  RECTANGLE  0.04500     x 0.06500      90.000 NO     DARK 
  RECTANGLE  0.05000     x 0.06000       0.000 NO     DARK 
  RECTANGLE  0.05600     x 0.08400      90.000 NO     DARK 
  RECTANGLE  0.07600     x 0.12000       0.000 NO     DARK 
  RECTANGLE  0.22000     x 0.24000      90.000 NO     DARK 

     TOP created.


================================================================
     PROCESSING FILM < BOTTOM >
     TO FILE < D:/P1_Victor/Enache_Victor/Schematics/Proiect/allegro/BOTTOM.art > ...
================================================================

  FILM PARAMETERS :
  ---------------------------------------------------------
  Undefined line width                0.10 MIL
  Mirror code                         NONE
  Rotate angle                        NONE
  Offset x:                           0.00
  Offset y:                           0.00
  Plot negative                       NO
  Suppress unconnected internal pads  NO
  Draw holes only                     NO



  APERTURES USED (UNIT = IN):
  ---------------------------------------------------------
  TYPE       SIZE/NAME                   ROT   MIRROR MODE 
  ---------------------------------------------------------
  CIRCLE     0.01600                                  DARK 
  CIRCLE     0.02000                                  DARK 
  CIRCLE     0.03400                                  DARK 

     BOTTOM created.


================================================================
     PROCESSING FILM < BO >
     TO FILE < D:/P1_Victor/Enache_Victor/Schematics/Proiect/allegro/BO.art > ...
================================================================

  FILM PARAMETERS :
  ---------------------------------------------------------
  Undefined line width                0.10 MIL
  Mirror code                         NONE
  Rotate angle                        NONE
  Offset x:                           0.00
  Offset y:                           0.00
  Plot negative                       NO
  Suppress unconnected internal pads  NO
  Draw holes only                     NO



  APERTURES USED (UNIT = IN):
  ---------------------------------------------------------
  TYPE       SIZE/NAME                   ROT   MIRROR MODE 
  ---------------------------------------------------------
  CIRCLE     0.00010                                  DARK 

     BO created.


================================================================
     PROCESSING FILM < FAB >
     TO FILE < D:/P1_Victor/Enache_Victor/Schematics/Proiect/allegro/FAB.art > ...
================================================================

  FILM PARAMETERS :
  ---------------------------------------------------------
  Undefined line width                0.10 MIL
  Mirror code                         NONE
  Rotate angle                        NONE
  Offset x:                           0.00
  Offset y:                           0.00
  Plot negative                       NO
  Suppress unconnected internal pads  NO
  Draw holes only                     NO

    WARNING: text composed 0 width line found at (1940.00 -1596.67) in MIL
           ... using undefined line width of 0.10 MIL

    WARNING: text having Multiple 0 width lines; all will be treated the same as the first.
           ... using undefined line width of 0.10 MIL

    WARNING: 0 width line found at (1640.00 840.00) in MIL
           ... using undefined line width of 0.10 MIL

    WARNING: Multiple 0 width lines; all will be treated the same as the first.
           ... using undefined line width of 0.10 MIL



  APERTURES USED (UNIT = IN):
  ---------------------------------------------------------
  TYPE       SIZE/NAME                   ROT   MIRROR MODE 
  ---------------------------------------------------------
  CIRCLE     0.00010                                  DARK 

     FAB created with warnings


================================================================
     PROCESSING FILM < SMTOP >
     TO FILE < D:/P1_Victor/Enache_Victor/Schematics/Proiect/allegro/SMTOP.art > ...
================================================================

  FILM PARAMETERS :
  ---------------------------------------------------------
  Undefined line width                0.10 MIL
  Mirror code                         NONE
  Rotate angle                        NONE
  Offset x:                           0.00
  Offset y:                           0.00
  Plot negative                       NO
  Suppress unconnected internal pads  NO
  Draw holes only                     NO



  APERTURES USED (UNIT = IN):
  ---------------------------------------------------------
  TYPE       SIZE/NAME                   ROT   MIRROR MODE 
  ---------------------------------------------------------
  CIRCLE     0.04400                                  DARK 
  CIRCLE     0.08000                                  DARK 
  SQUARE     0.05512                     0.000 NO     DARK 
  RECTANGLE  0.03000     x 0.04200       0.000 NO     DARK 
  RECTANGLE  0.03000     x 0.04200      90.000 NO     DARK 
  RECTANGLE  0.04200     x 0.11400      90.000 NO     DARK 
  RECTANGLE  0.04500     x 0.06500       0.000 NO     DARK 
  RECTANGLE  0.04500     x 0.06500      90.000 NO     DARK 
  RECTANGLE  0.05000     x 0.06000       0.000 NO     DARK 
  RECTANGLE  0.05600     x 0.08400      90.000 NO     DARK 
  RECTANGLE  0.07600     x 0.12000       0.000 NO     DARK 
  RECTANGLE  0.22000     x 0.24000      90.000 NO     DARK 

     SMTOP created.


================================================================
     PROCESSING FILM < SMBOT >
     TO FILE < D:/P1_Victor/Enache_Victor/Schematics/Proiect/allegro/SMBOT.art > ...
================================================================

  FILM PARAMETERS :
  ---------------------------------------------------------
  Undefined line width                0.10 MIL
  Mirror code                         NONE
  Rotate angle                        NONE
  Offset x:                           0.00
  Offset y:                           0.00
  Plot negative                       NO
  Suppress unconnected internal pads  NO
  Draw holes only                     NO



  APERTURES USED (UNIT = IN):
  ---------------------------------------------------------
  TYPE       SIZE/NAME                   ROT   MIRROR MODE 
  ---------------------------------------------------------
  CIRCLE     0.04400                                  DARK 

     SMBOT created.


================================================================
     PROCESSING FILM < SPTOP >
     TO FILE < D:/P1_Victor/Enache_Victor/Schematics/Proiect/allegro/SPTOP.art > ...
================================================================

  FILM PARAMETERS :
  ---------------------------------------------------------
  Undefined line width                0.10 MIL
  Mirror code                         NONE
  Rotate angle                        NONE
  Offset x:                           0.00
  Offset y:                           0.00
  Plot negative                       NO
  Suppress unconnected internal pads  NO
  Draw holes only                     NO



  APERTURES USED (UNIT = IN):
  ---------------------------------------------------------
  TYPE       SIZE/NAME                   ROT   MIRROR MODE 
  ---------------------------------------------------------
  SQUARE     0.05012                     0.000 NO     DARK 
  RECTANGLE  0.02600     x 0.03900       0.000 NO     DARK 
  RECTANGLE  0.02600     x 0.03900      90.000 NO     DARK 
  RECTANGLE  0.04000     x 0.11200      90.000 NO     DARK 
  RECTANGLE  0.04100     x 0.05900       0.000 NO     DARK 
  RECTANGLE  0.04100     x 0.05900      90.000 NO     DARK 
  RECTANGLE  0.04600     x 0.05500       0.000 NO     DARK 
  RECTANGLE  0.05200     x 0.08000      90.000 NO     DARK 
  RECTANGLE  0.06840     x 0.10800       0.000 NO     DARK 
  RECTANGLE  0.21500     x 0.23500      90.000 NO     DARK 

     SPTOP created.


================================================================
     PROCESSING FILM < SSTOP >
     TO FILE < D:/P1_Victor/Enache_Victor/Schematics/Proiect/allegro/SSTOP.art > ...
================================================================

  FILM PARAMETERS :
  ---------------------------------------------------------
  Undefined line width                0.00
  Mirror code                         NONE
  Rotate angle                        NONE
  Offset x:                           0.00
  Offset y:                           0.00
  Plot negative                       NO
  Suppress unconnected internal pads  NO
  Draw holes only                     NO



  APERTURES USED (UNIT = IN):
  ---------------------------------------------------------
  TYPE       SIZE/NAME                   ROT   MIRROR MODE 
  ---------------------------------------------------------
  CIRCLE     0.00394                                  DARK 
  CIRCLE     0.00500                                  DARK 
  CIRCLE     0.00600                                  DARK 
  CIRCLE     0.00787                                  DARK 
  CIRCLE     0.00984                                  DARK 

     SSTOP created.


------------------------------------------------------
 SUMMARY:
        TOP created.
        BOTTOM created.
        BO created.
        FAB created with warnings
        SMTOP created.
        SMBOT created.
        SPTOP created.
        SSTOP created.

 ARTWORK had warnings
